<?xml version="1.0" encoding="UTF-8"?>
<testng-results skipped="0" failed="0" ignored="0" total="2" passed="2">
  <reporter-output>
  </reporter-output>
  <suite name="Suite" duration-ms="37936" started-at="2019-12-01T13:51:02 IST" finished-at="2019-12-01T13:51:40 IST">
    <groups>
    </groups>
    <test name="Test" duration-ms="37936" started-at="2019-12-01T13:51:02 IST" finished-at="2019-12-01T13:51:40 IST">
      <class name="SeleniumAllTest.seleniumTestNew">
        <test-method status="PASS" signature="launch()[pri:0, instance:SeleniumAllTest.seleniumTestNew@1f36e637]" name="launch" is-config="true" duration-ms="15610" started-at="2019-12-01T13:51:02 IST" finished-at="2019-12-01T13:51:18 IST">
          <reporter-output>
          </reporter-output>
        </test-method> <!-- launch -->
        <test-method status="PASS" signature="VerifyTitle()[pri:0, instance:SeleniumAllTest.seleniumTestNew@1f36e637]" name="VerifyTitle" duration-ms="38" started-at="2019-12-01T13:51:18 IST" finished-at="2019-12-01T13:51:18 IST">
          <reporter-output>
          </reporter-output>
        </test-method> <!-- VerifyTitle -->
        <test-method status="PASS" signature="close()[pri:0, instance:SeleniumAllTest.seleniumTestNew@1f36e637]" name="close" is-config="true" duration-ms="4127" started-at="2019-12-01T13:51:18 IST" finished-at="2019-12-01T13:51:22 IST">
          <reporter-output>
          </reporter-output>
        </test-method> <!-- close -->
        <test-method status="PASS" signature="launch()[pri:0, instance:SeleniumAllTest.seleniumTestNew@1f36e637]" name="launch" is-config="true" duration-ms="14011" started-at="2019-12-01T13:51:22 IST" finished-at="2019-12-01T13:51:36 IST">
          <reporter-output>
          </reporter-output>
        </test-method> <!-- launch -->
        <test-method status="PASS" signature="VerifyUrl()[pri:0, instance:SeleniumAllTest.seleniumTestNew@1f36e637]" name="VerifyUrl" duration-ms="16" started-at="2019-12-01T13:51:36 IST" finished-at="2019-12-01T13:51:36 IST">
          <reporter-output>
          </reporter-output>
        </test-method> <!-- VerifyUrl -->
        <test-method status="PASS" signature="close()[pri:0, instance:SeleniumAllTest.seleniumTestNew@1f36e637]" name="close" is-config="true" duration-ms="4110" started-at="2019-12-01T13:51:36 IST" finished-at="2019-12-01T13:51:40 IST">
          <reporter-output>
          </reporter-output>
        </test-method> <!-- close -->
      </class> <!-- SeleniumAllTest.seleniumTestNew -->
    </test> <!-- Test -->
  </suite> <!-- Suite -->
</testng-results>
